  application.cpp
  main.cpp
  material.cpp
  scenenode.cpp
  utils.cpp
C:\Users\Usuario\Documents\GitHub\CGA_LABS\CGA_LAB_2\ACG-Framework-Student\src\framework.h(177,109): warning C4244: 'argument': conversion from 'float' to 'unsigned char', possible loss of data (compiling source file ..\..\src\material.cpp)
C:\Users\Usuario\Documents\GitHub\CGA_LABS\CGA_LAB_2\ACG-Framework-Student\src\framework.h(177,100): warning C4244: 'argument': conversion from 'float' to 'unsigned char', possible loss of data (compiling source file ..\..\src\material.cpp)
C:\Users\Usuario\Documents\GitHub\CGA_LABS\CGA_LAB_2\ACG-Framework-Student\src\framework.h(177,91): warning C4244: 'argument': conversion from 'float' to 'unsigned char', possible loss of data (compiling source file ..\..\src\material.cpp)
C:\Users\Usuario\Documents\GitHub\CGA_LABS\CGA_LAB_2\ACG-Framework-Student\src\framework.h(177,82): warning C4244: 'argument': conversion from 'float' to 'unsigned char', possible loss of data (compiling source file ..\..\src\material.cpp)
C:\Users\Usuario\Documents\GitHub\CGA_LABS\CGA_LAB_2\ACG-Framework-Student\src\framework.h(177,109): warning C4244: 'argument': conversion from 'float' to 'unsigned char', possible loss of data (compiling source file ..\..\src\scenenode.cpp)
C:\Users\Usuario\Documents\GitHub\CGA_LABS\CGA_LAB_2\ACG-Framework-Student\src\framework.h(177,100): warning C4244: 'argument': conversion from 'float' to 'unsigned char', possible loss of data (compiling source file ..\..\src\scenenode.cpp)
C:\Users\Usuario\Documents\GitHub\CGA_LABS\CGA_LAB_2\ACG-Framework-Student\src\framework.h(177,91): warning C4244: 'argument': conversion from 'float' to 'unsigned char', possible loss of data (compiling source file ..\..\src\scenenode.cpp)
C:\Users\Usuario\Documents\GitHub\CGA_LABS\CGA_LAB_2\ACG-Framework-Student\src\framework.h(177,82): warning C4244: 'argument': conversion from 'float' to 'unsigned char', possible loss of data (compiling source file ..\..\src\scenenode.cpp)
C:\Users\Usuario\Documents\GitHub\CGA_LABS\CGA_LAB_2\ACG-Framework-Student\src\framework.h(177,109): warning C4244: 'argument': conversion from 'float' to 'unsigned char', possible loss of data (compiling source file ..\..\src\application.cpp)
C:\Users\Usuario\Documents\GitHub\CGA_LABS\CGA_LAB_2\ACG-Framework-Student\src\framework.h(177,100): warning C4244: 'argument': conversion from 'float' to 'unsigned char', possible loss of data (compiling source file ..\..\src\application.cpp)
C:\Users\Usuario\Documents\GitHub\CGA_LABS\CGA_LAB_2\ACG-Framework-Student\src\framework.h(177,91): warning C4244: 'argument': conversion from 'float' to 'unsigned char', possible loss of data (compiling source file ..\..\src\application.cpp)
C:\Users\Usuario\Documents\GitHub\CGA_LABS\CGA_LAB_2\ACG-Framework-Student\src\framework.h(177,82): warning C4244: 'argument': conversion from 'float' to 'unsigned char', possible loss of data (compiling source file ..\..\src\application.cpp)
C:\Users\Usuario\Documents\GitHub\CGA_LABS\CGA_LAB_2\ACG-Framework-Student\src\framework.h(177,109): warning C4244: 'argument': conversion from 'float' to 'unsigned char', possible loss of data (compiling source file ..\..\src\main.cpp)
C:\Users\Usuario\Documents\GitHub\CGA_LABS\CGA_LAB_2\ACG-Framework-Student\src\framework.h(177,100): warning C4244: 'argument': conversion from 'float' to 'unsigned char', possible loss of data (compiling source file ..\..\src\main.cpp)
C:\Users\Usuario\Documents\GitHub\CGA_LABS\CGA_LAB_2\ACG-Framework-Student\src\framework.h(177,91): warning C4244: 'argument': conversion from 'float' to 'unsigned char', possible loss of data (compiling source file ..\..\src\main.cpp)
C:\Users\Usuario\Documents\GitHub\CGA_LABS\CGA_LAB_2\ACG-Framework-Student\src\framework.h(177,82): warning C4244: 'argument': conversion from 'float' to 'unsigned char', possible loss of data (compiling source file ..\..\src\main.cpp)
C:\Users\Usuario\Documents\GitHub\CGA_LABS\CGA_LAB_2\ACG-Framework-Student\src\framework.h(177,109): warning C4244: 'argument': conversion from 'float' to 'unsigned char', possible loss of data (compiling source file ..\..\src\utils.cpp)
C:\Users\Usuario\Documents\GitHub\CGA_LABS\CGA_LAB_2\ACG-Framework-Student\src\framework.h(177,100): warning C4244: 'argument': conversion from 'float' to 'unsigned char', possible loss of data (compiling source file ..\..\src\utils.cpp)
C:\Users\Usuario\Documents\GitHub\CGA_LABS\CGA_LAB_2\ACG-Framework-Student\src\framework.h(177,91): warning C4244: 'argument': conversion from 'float' to 'unsigned char', possible loss of data (compiling source file ..\..\src\utils.cpp)
C:\Users\Usuario\Documents\GitHub\CGA_LABS\CGA_LAB_2\ACG-Framework-Student\src\framework.h(177,82): warning C4244: 'argument': conversion from 'float' to 'unsigned char', possible loss of data (compiling source file ..\..\src\utils.cpp)
C:\Users\Usuario\Documents\GitHub\CGA_LABS\CGA_LAB_2\ACG-Framework-Student\src\material.h(68): warning C4305: 'initializing': truncation from 'double' to 'float' (compiling source file ..\..\src\application.cpp)
C:\Users\Usuario\Documents\GitHub\CGA_LABS\CGA_LAB_2\ACG-Framework-Student\src\material.h(70): warning C4305: 'initializing': truncation from 'double' to 'float' (compiling source file ..\..\src\application.cpp)
C:\Users\Usuario\Documents\GitHub\CGA_LABS\CGA_LAB_2\ACG-Framework-Student\src\material.h(76): warning C4305: 'argument': truncation from 'double' to 'float' (compiling source file ..\..\src\application.cpp)
C:\Users\Usuario\Documents\GitHub\CGA_LABS\CGA_LAB_2\ACG-Framework-Student\src\material.h(77): warning C4305: 'initializing': truncation from 'double' to 'float' (compiling source file ..\..\src\application.cpp)
C:\Users\Usuario\Documents\GitHub\CGA_LABS\CGA_LAB_2\ACG-Framework-Student\src\material.h(78): warning C4305: 'initializing': truncation from 'double' to 'float' (compiling source file ..\..\src\application.cpp)
C:\Users\Usuario\Documents\GitHub\CGA_LABS\CGA_LAB_2\ACG-Framework-Student\src\material.h(68): warning C4305: 'initializing': truncation from 'double' to 'float' (compiling source file ..\..\src\main.cpp)
C:\Users\Usuario\Documents\GitHub\CGA_LABS\CGA_LAB_2\ACG-Framework-Student\src\material.h(70): warning C4305: 'initializing': truncation from 'double' to 'float' (compiling source file ..\..\src\main.cpp)
C:\Users\Usuario\Documents\GitHub\CGA_LABS\CGA_LAB_2\ACG-Framework-Student\src\material.h(76): warning C4305: 'argument': truncation from 'double' to 'float' (compiling source file ..\..\src\main.cpp)
C:\Users\Usuario\Documents\GitHub\CGA_LABS\CGA_LAB_2\ACG-Framework-Student\src\material.h(77): warning C4305: 'initializing': truncation from 'double' to 'float' (compiling source file ..\..\src\main.cpp)
C:\Users\Usuario\Documents\GitHub\CGA_LABS\CGA_LAB_2\ACG-Framework-Student\src\material.h(78): warning C4305: 'initializing': truncation from 'double' to 'float' (compiling source file ..\..\src\main.cpp)
C:\Users\Usuario\Documents\GitHub\CGA_LABS\CGA_LAB_2\ACG-Framework-Student\src\material.h(68): warning C4305: 'initializing': truncation from 'double' to 'float' (compiling source file ..\..\src\material.cpp)
C:\Users\Usuario\Documents\GitHub\CGA_LABS\CGA_LAB_2\ACG-Framework-Student\src\material.h(70): warning C4305: 'initializing': truncation from 'double' to 'float' (compiling source file ..\..\src\material.cpp)
C:\Users\Usuario\Documents\GitHub\CGA_LABS\CGA_LAB_2\ACG-Framework-Student\src\material.h(76): warning C4305: 'argument': truncation from 'double' to 'float' (compiling source file ..\..\src\material.cpp)
C:\Users\Usuario\Documents\GitHub\CGA_LABS\CGA_LAB_2\ACG-Framework-Student\src\material.h(77): warning C4305: 'initializing': truncation from 'double' to 'float' (compiling source file ..\..\src\material.cpp)
C:\Users\Usuario\Documents\GitHub\CGA_LABS\CGA_LAB_2\ACG-Framework-Student\src\material.h(78): warning C4305: 'initializing': truncation from 'double' to 'float' (compiling source file ..\..\src\material.cpp)
C:\Users\Usuario\Documents\GitHub\CGA_LABS\CGA_LAB_2\ACG-Framework-Student\src\material.h(68): warning C4305: 'initializing': truncation from 'double' to 'float' (compiling source file ..\..\src\scenenode.cpp)
C:\Users\Usuario\Documents\GitHub\CGA_LABS\CGA_LAB_2\ACG-Framework-Student\src\material.h(70): warning C4305: 'initializing': truncation from 'double' to 'float' (compiling source file ..\..\src\scenenode.cpp)
C:\Users\Usuario\Documents\GitHub\CGA_LABS\CGA_LAB_2\ACG-Framework-Student\src\material.h(76): warning C4305: 'argument': truncation from 'double' to 'float' (compiling source file ..\..\src\scenenode.cpp)
C:\Users\Usuario\Documents\GitHub\CGA_LABS\CGA_LAB_2\ACG-Framework-Student\src\material.h(77): warning C4305: 'initializing': truncation from 'double' to 'float' (compiling source file ..\..\src\scenenode.cpp)
C:\Users\Usuario\Documents\GitHub\CGA_LABS\CGA_LAB_2\ACG-Framework-Student\src\material.h(78): warning C4305: 'initializing': truncation from 'double' to 'float' (compiling source file ..\..\src\scenenode.cpp)
C:\Users\Usuario\Documents\GitHub\CGA_LABS\CGA_LAB_2\ACG-Framework-Student\src\material.h(68): warning C4305: 'initializing': truncation from 'double' to 'float' (compiling source file ..\..\src\utils.cpp)
C:\Users\Usuario\Documents\GitHub\CGA_LABS\CGA_LAB_2\ACG-Framework-Student\src\material.h(70): warning C4305: 'initializing': truncation from 'double' to 'float' (compiling source file ..\..\src\utils.cpp)
C:\Users\Usuario\Documents\GitHub\CGA_LABS\CGA_LAB_2\ACG-Framework-Student\src\material.h(76): warning C4305: 'argument': truncation from 'double' to 'float' (compiling source file ..\..\src\utils.cpp)
C:\Users\Usuario\Documents\GitHub\CGA_LABS\CGA_LAB_2\ACG-Framework-Student\src\material.h(77): warning C4305: 'initializing': truncation from 'double' to 'float' (compiling source file ..\..\src\utils.cpp)
C:\Users\Usuario\Documents\GitHub\CGA_LABS\CGA_LAB_2\ACG-Framework-Student\src\material.h(78): warning C4305: 'initializing': truncation from 'double' to 'float' (compiling source file ..\..\src\utils.cpp)
C:\Users\Usuario\Documents\GitHub\CGA_LABS\CGA_LAB_2\ACG-Framework-Student\src\application.cpp(144,33): warning C4305: 'argument': truncation from 'double' to 'GLclampf'
C:\Users\Usuario\Documents\GitHub\CGA_LABS\CGA_LAB_2\ACG-Framework-Student\src\application.cpp(170,14): warning C4244: 'initializing': conversion from 'double' to 'float', possible loss of data
C:\Users\Usuario\Documents\GitHub\CGA_LABS\CGA_LAB_2\ACG-Framework-Student\src\application.cpp(171,20): warning C4244: 'initializing': conversion from 'double' to 'float', possible loss of data
C:\Users\Usuario\Documents\GitHub\CGA_LABS\CGA_LAB_2\ACG-Framework-Student\src\application.cpp(174,14): warning C4244: 'initializing': conversion from 'double' to 'float', possible loss of data
C:\Users\Usuario\Documents\GitHub\CGA_LABS\CGA_LAB_2\ACG-Framework-Student\src\application.cpp(177,21): warning C4018: '<': signed/unsigned mismatch
C:\Users\Usuario\Documents\GitHub\CGA_LABS\CGA_LAB_2\ACG-Framework-Student\src\application.cpp(257,34): warning C4244: 'argument': conversion from 'double' to 'float', possible loss of data
C:\Users\Usuario\Documents\GitHub\CGA_LABS\CGA_LAB_2\ACG-Framework-Student\src\material.cpp(213,61): warning C4305: 'argument': truncation from 'double' to 'float'
C:\Users\Usuario\Documents\GitHub\CGA_LABS\CGA_LAB_2\ACG-Framework-Student\src\material.cpp(256,13): warning C4305: '=': truncation from 'double' to 'float'
C:\Users\Usuario\Documents\GitHub\CGA_LABS\CGA_LAB_2\ACG-Framework-Student\src\material.cpp(257,18): warning C4305: '=': truncation from 'double' to 'float'
C:\Users\Usuario\Documents\GitHub\CGA_LABS\CGA_LAB_2\ACG-Framework-Student\src\material.cpp(258,23): warning C4305: '=': truncation from 'double' to 'float'
C:\Users\Usuario\Documents\GitHub\CGA_LABS\CGA_LAB_2\ACG-Framework-Student\src\material.cpp(268,13): warning C4305: '=': truncation from 'double' to 'float'
C:\Users\Usuario\Documents\GitHub\CGA_LABS\CGA_LAB_2\ACG-Framework-Student\src\material.cpp(269,18): warning C4305: '=': truncation from 'double' to 'float'
C:\Users\Usuario\Documents\GitHub\CGA_LABS\CGA_LAB_2\ACG-Framework-Student\src\material.cpp(270,21): warning C4305: '=': truncation from 'double' to 'float'
C:\Users\Usuario\Documents\GitHub\CGA_LABS\CGA_LAB_2\ACG-Framework-Student\src\material.cpp(280,13): warning C4305: '=': truncation from 'double' to 'float'
C:\Users\Usuario\Documents\GitHub\CGA_LABS\CGA_LAB_2\ACG-Framework-Student\src\material.cpp(281,18): warning C4305: '=': truncation from 'double' to 'float'
C:\Users\Usuario\Documents\GitHub\CGA_LABS\CGA_LAB_2\ACG-Framework-Student\src\material.cpp(282,23): warning C4305: '=': truncation from 'double' to 'float'
C:\Users\Usuario\Documents\GitHub\CGA_LABS\CGA_LAB_2\ACG-Framework-Student\src\utils.cpp(334,56): warning C4244: 'argument': conversion from 'double' to 'float', possible loss of data
C:\Users\Usuario\Documents\GitHub\CGA_LABS\CGA_LAB_2\ACG-Framework-Student\src\material.cpp(292,15): warning C4305: '=': truncation from 'double' to 'float'
C:\Users\Usuario\Documents\GitHub\CGA_LABS\CGA_LAB_2\ACG-Framework-Student\src\utils.cpp(335,63): warning C4305: 'argument': truncation from 'double' to 'float'
C:\Users\Usuario\Documents\GitHub\CGA_LABS\CGA_LAB_2\ACG-Framework-Student\src\material.cpp(294,23): warning C4305: '=': truncation from 'double' to 'float'
C:\Users\Usuario\Documents\GitHub\CGA_LABS\CGA_LAB_2\ACG-Framework-Student\src\material.cpp(304,13): warning C4305: '=': truncation from 'double' to 'float'
C:\Users\Usuario\Documents\GitHub\CGA_LABS\CGA_LAB_2\ACG-Framework-Student\src\material.cpp(305,18): warning C4305: '=': truncation from 'double' to 'float'
C:\Users\Usuario\Documents\GitHub\CGA_LABS\CGA_LAB_2\ACG-Framework-Student\src\material.cpp(306,23): warning C4305: '=': truncation from 'double' to 'float'
C:\Users\Usuario\Documents\GitHub\CGA_LABS\CGA_LAB_2\ACG-Framework-Student\src\utils.cpp(360,10): warning C4244: '=': conversion from 'double' to 'float', possible loss of data
C:\Users\Usuario\Documents\GitHub\CGA_LABS\CGA_LAB_2\ACG-Framework-Student\src\material.cpp(316,14): warning C4305: '=': truncation from 'double' to 'float'
C:\Users\Usuario\Documents\GitHub\CGA_LABS\CGA_LAB_2\ACG-Framework-Student\src\material.cpp(317,18): warning C4305: '=': truncation from 'double' to 'float'
C:\Users\Usuario\Documents\GitHub\CGA_LABS\CGA_LAB_2\ACG-Framework-Student\src\material.cpp(318,22): warning C4305: '=': truncation from 'double' to 'float'
C:\Users\Usuario\Documents\GitHub\CGA_LABS\CGA_LAB_2\ACG-Framework-Student\src\utils.cpp(370,16): warning C4244: '=': conversion from 'double' to 'float', possible loss of data
C:\Users\Usuario\Documents\GitHub\CGA_LABS\CGA_LAB_2\ACG-Framework-Student\src\utils.cpp(392,11): warning C4244: 'initializing': conversion from 'double' to 'float', possible loss of data
C:\Users\Usuario\Documents\GitHub\CGA_LABS\CGA_LAB_2\ACG-Framework-Student\src\utils.cpp(394,17): warning C4244: 'argument': conversion from 'float' to 'const unsigned int', possible loss of data
C:\Users\Usuario\Documents\GitHub\CGA_LABS\CGA_LAB_2\ACG-Framework-Student\src\utils.cpp(407,12): warning C4244: 'initializing': conversion from 'double' to 'float', possible loss of data
C:\Users\Usuario\Documents\GitHub\CGA_LABS\CGA_LAB_2\ACG-Framework-Student\src\utils.cpp(416,14): warning C4018: '>=': signed/unsigned mismatch
C:\Users\Usuario\Documents\GitHub\CGA_LABS\CGA_LAB_2\ACG-Framework-Student\src\utils.cpp(456,20): warning C4018: '<': signed/unsigned mismatch
C:\Users\Usuario\Documents\GitHub\CGA_LABS\CGA_LAB_2\ACG-Framework-Student\src\utils.cpp(457,59): warning C4244: 'argument': conversion from '_Ty' to 'unsigned int', possible loss of data
          with
          [
              _Ty=float
          ]
C:\Users\Usuario\Documents\GitHub\CGA_LABS\CGA_LAB_2\ACG-Framework-Student\src\utils.cpp(457,44): warning C4244: 'argument': conversion from '_Ty' to 'unsigned int', possible loss of data
          with
          [
              _Ty=float
          ]
C:\Users\Usuario\Documents\GitHub\CGA_LABS\CGA_LAB_2\ACG-Framework-Student\src\utils.cpp(457,29): warning C4244: 'argument': conversion from '_Ty' to 'unsigned int', possible loss of data
          with
          [
              _Ty=float
          ]
C:\Users\Usuario\Documents\GitHub\CGA_LABS\CGA_LAB_2\ACG-Framework-Student\src\utils.cpp(467,20): warning C4018: '<': signed/unsigned mismatch
C:\Users\Usuario\Documents\GitHub\CGA_LABS\CGA_LAB_2\ACG-Framework-Student\src\utils.cpp(468,74): warning C4244: 'argument': conversion from '_Ty' to 'unsigned char', possible loss of data
          with
          [
              _Ty=float
          ]
C:\Users\Usuario\Documents\GitHub\CGA_LABS\CGA_LAB_2\ACG-Framework-Student\src\utils.cpp(468,59): warning C4244: 'argument': conversion from '_Ty' to 'unsigned char', possible loss of data
          with
          [
              _Ty=float
          ]
C:\Users\Usuario\Documents\GitHub\CGA_LABS\CGA_LAB_2\ACG-Framework-Student\src\utils.cpp(468,44): warning C4244: 'argument': conversion from '_Ty' to 'unsigned char', possible loss of data
          with
          [
              _Ty=float
          ]
C:\Users\Usuario\Documents\GitHub\CGA_LABS\CGA_LAB_2\ACG-Framework-Student\src\utils.cpp(468,29): warning C4244: 'argument': conversion from '_Ty' to 'unsigned char', possible loss of data
          with
          [
              _Ty=float
          ]
C:\Users\Usuario\Documents\GitHub\CGA_LABS\CGA_LAB_2\ACG-Framework-Student\src\main.cpp(142,46): warning C4244: '=': conversion from 'Sint32' to 'float', possible loss of data
C:\Users\Usuario\Documents\GitHub\CGA_LABS\CGA_LAB_2\ACG-Framework-Student\src\main.cpp(184,24): warning C4244: '=': conversion from 'double' to 'float', possible loss of data
animation.obj : warning LNK4075: ignoring '/EDITANDCONTINUE' due to '/INCREMENTAL:NO' specification
LINK : warning LNK4098: defaultlib 'LIBCMT' conflicts with use of other libs; use /NODEFAULTLIB:library
LINK : warning LNK4217: symbol '___glewActiveTexture' defined in 'glew32s.lib(glew.obj)' is imported by 'imgui_impl_opengl3.obj' in function '"void __cdecl ImGui_ImplOpenGL3_RenderDrawData(struct ImDrawData *)" (?ImGui_ImplOpenGL3_RenderDrawData@@YAXPAUImDrawData@@@Z)'
LINK : warning LNK4217: symbol '___glewBlendEquation' defined in 'glew32s.lib(glew.obj)' is imported by 'imgui_impl_opengl3.obj' in function '"void __cdecl ImGui_ImplOpenGL3_SetupRenderState(struct ImDrawData *,int,int,unsigned int)" (?ImGui_ImplOpenGL3_SetupRenderState@@YAXPAUImDrawData@@HHI@Z)'
LINK : warning LNK4217: symbol '___glewBlendFuncSeparate' defined in 'glew32s.lib(glew.obj)' is imported by 'imgui_impl_opengl3.obj' in function '"void __cdecl ImGui_ImplOpenGL3_RenderDrawData(struct ImDrawData *)" (?ImGui_ImplOpenGL3_RenderDrawData@@YAXPAUImDrawData@@@Z)'
LINK : warning LNK4217: symbol '___glewBindBuffer' defined in 'glew32s.lib(glew.obj)' is imported by 'imgui_impl_opengl3.obj' in function '"bool __cdecl ImGui_ImplOpenGL3_CreateDeviceObjects(void)" (?ImGui_ImplOpenGL3_CreateDeviceObjects@@YA_NXZ)'
LINK : warning LNK4217: symbol '___glewBufferData' defined in 'glew32s.lib(glew.obj)' is imported by 'imgui_impl_opengl3.obj' in function '"void __cdecl ImGui_ImplOpenGL3_RenderDrawData(struct ImDrawData *)" (?ImGui_ImplOpenGL3_RenderDrawData@@YAXPAUImDrawData@@@Z)'
LINK : warning LNK4217: symbol '___glewDeleteBuffers' defined in 'glew32s.lib(glew.obj)' is imported by 'imgui_impl_opengl3.obj' in function '"void __cdecl ImGui_ImplOpenGL3_DestroyDeviceObjects(void)" (?ImGui_ImplOpenGL3_DestroyDeviceObjects@@YAXXZ)'
LINK : warning LNK4217: symbol '___glewGenBuffers' defined in 'glew32s.lib(glew.obj)' is imported by 'imgui_impl_opengl3.obj' in function '"bool __cdecl ImGui_ImplOpenGL3_CreateDeviceObjects(void)" (?ImGui_ImplOpenGL3_CreateDeviceObjects@@YA_NXZ)'
LINK : warning LNK4217: symbol '___glewAttachShader' defined in 'glew32s.lib(glew.obj)' is imported by 'imgui_impl_opengl3.obj' in function '"bool __cdecl ImGui_ImplOpenGL3_CreateDeviceObjects(void)" (?ImGui_ImplOpenGL3_CreateDeviceObjects@@YA_NXZ)'
LINK : warning LNK4217: symbol '___glewBlendEquationSeparate' defined in 'glew32s.lib(glew.obj)' is imported by 'imgui_impl_opengl3.obj' in function '"void __cdecl ImGui_ImplOpenGL3_RenderDrawData(struct ImDrawData *)" (?ImGui_ImplOpenGL3_RenderDrawData@@YAXPAUImDrawData@@@Z)'
LINK : warning LNK4217: symbol '___glewCompileShader' defined in 'glew32s.lib(glew.obj)' is imported by 'imgui_impl_opengl3.obj' in function '"bool __cdecl ImGui_ImplOpenGL3_CreateDeviceObjects(void)" (?ImGui_ImplOpenGL3_CreateDeviceObjects@@YA_NXZ)'
LINK : warning LNK4217: symbol '___glewCreateProgram' defined in 'glew32s.lib(glew.obj)' is imported by 'imgui_impl_opengl3.obj' in function '"bool __cdecl ImGui_ImplOpenGL3_CreateDeviceObjects(void)" (?ImGui_ImplOpenGL3_CreateDeviceObjects@@YA_NXZ)'
LINK : warning LNK4217: symbol '___glewCreateShader' defined in 'glew32s.lib(glew.obj)' is imported by 'imgui_impl_opengl3.obj' in function '"bool __cdecl ImGui_ImplOpenGL3_CreateDeviceObjects(void)" (?ImGui_ImplOpenGL3_CreateDeviceObjects@@YA_NXZ)'
LINK : warning LNK4217: symbol '___glewDeleteProgram' defined in 'glew32s.lib(glew.obj)' is imported by 'imgui_impl_opengl3.obj' in function '"void __cdecl ImGui_ImplOpenGL3_DestroyDeviceObjects(void)" (?ImGui_ImplOpenGL3_DestroyDeviceObjects@@YAXXZ)'
LINK : warning LNK4217: symbol '___glewDeleteShader' defined in 'glew32s.lib(glew.obj)' is imported by 'imgui_impl_opengl3.obj' in function '"void __cdecl ImGui_ImplOpenGL3_DestroyDeviceObjects(void)" (?ImGui_ImplOpenGL3_DestroyDeviceObjects@@YAXXZ)'
LINK : warning LNK4217: symbol '___glewDetachShader' defined in 'glew32s.lib(glew.obj)' is imported by 'imgui_impl_opengl3.obj' in function '"void __cdecl ImGui_ImplOpenGL3_DestroyDeviceObjects(void)" (?ImGui_ImplOpenGL3_DestroyDeviceObjects@@YAXXZ)'
LINK : warning LNK4217: symbol '___glewEnableVertexAttribArray' defined in 'glew32s.lib(glew.obj)' is imported by 'imgui_impl_opengl3.obj' in function '"void __cdecl ImGui_ImplOpenGL3_SetupRenderState(struct ImDrawData *,int,int,unsigned int)" (?ImGui_ImplOpenGL3_SetupRenderState@@YAXPAUImDrawData@@HHI@Z)'
LINK : warning LNK4217: symbol '___glewGetAttribLocation' defined in 'glew32s.lib(glew.obj)' is imported by 'imgui_impl_opengl3.obj' in function '"bool __cdecl ImGui_ImplOpenGL3_CreateDeviceObjects(void)" (?ImGui_ImplOpenGL3_CreateDeviceObjects@@YA_NXZ)'
LINK : warning LNK4217: symbol '___glewGetProgramInfoLog' defined in 'glew32s.lib(glew.obj)' is imported by 'imgui_impl_opengl3.obj' in function '"bool __cdecl CheckProgram(unsigned int,char const *)" (?CheckProgram@@YA_NIPBD@Z)'
LINK : warning LNK4217: symbol '___glewGetProgramiv' defined in 'glew32s.lib(glew.obj)' is imported by 'imgui_impl_opengl3.obj' in function '"bool __cdecl CheckProgram(unsigned int,char const *)" (?CheckProgram@@YA_NIPBD@Z)'
LINK : warning LNK4217: symbol '___glewGetShaderInfoLog' defined in 'glew32s.lib(glew.obj)' is imported by 'imgui_impl_opengl3.obj' in function '"bool __cdecl CheckShader(unsigned int,char const *)" (?CheckShader@@YA_NIPBD@Z)'
LINK : warning LNK4217: symbol '___glewGetShaderiv' defined in 'glew32s.lib(glew.obj)' is imported by 'imgui_impl_opengl3.obj' in function '"bool __cdecl CheckShader(unsigned int,char const *)" (?CheckShader@@YA_NIPBD@Z)'
LINK : warning LNK4217: symbol '___glewGetUniformLocation' defined in 'glew32s.lib(glew.obj)' is imported by 'imgui_impl_opengl3.obj' in function '"bool __cdecl ImGui_ImplOpenGL3_CreateDeviceObjects(void)" (?ImGui_ImplOpenGL3_CreateDeviceObjects@@YA_NXZ)'
LINK : warning LNK4217: symbol '___glewLinkProgram' defined in 'glew32s.lib(glew.obj)' is imported by 'imgui_impl_opengl3.obj' in function '"bool __cdecl ImGui_ImplOpenGL3_CreateDeviceObjects(void)" (?ImGui_ImplOpenGL3_CreateDeviceObjects@@YA_NXZ)'
LINK : warning LNK4217: symbol '___glewShaderSource' defined in 'glew32s.lib(glew.obj)' is imported by 'imgui_impl_opengl3.obj' in function '"bool __cdecl ImGui_ImplOpenGL3_CreateDeviceObjects(void)" (?ImGui_ImplOpenGL3_CreateDeviceObjects@@YA_NXZ)'
LINK : warning LNK4217: symbol '___glewUniform1i' defined in 'glew32s.lib(glew.obj)' is imported by 'imgui_impl_opengl3.obj' in function '"void __cdecl ImGui_ImplOpenGL3_SetupRenderState(struct ImDrawData *,int,int,unsigned int)" (?ImGui_ImplOpenGL3_SetupRenderState@@YAXPAUImDrawData@@HHI@Z)'
LINK : warning LNK4217: symbol '___glewUniformMatrix4fv' defined in 'glew32s.lib(glew.obj)' is imported by 'imgui_impl_opengl3.obj' in function '"void __cdecl ImGui_ImplOpenGL3_SetupRenderState(struct ImDrawData *,int,int,unsigned int)" (?ImGui_ImplOpenGL3_SetupRenderState@@YAXPAUImDrawData@@HHI@Z)'
LINK : warning LNK4217: symbol '___glewUseProgram' defined in 'glew32s.lib(glew.obj)' is imported by 'imgui_impl_opengl3.obj' in function '"void __cdecl ImGui_ImplOpenGL3_RenderDrawData(struct ImDrawData *)" (?ImGui_ImplOpenGL3_RenderDrawData@@YAXPAUImDrawData@@@Z)'
LINK : warning LNK4217: symbol '___glewVertexAttribPointer' defined in 'glew32s.lib(glew.obj)' is imported by 'imgui_impl_opengl3.obj' in function '"void __cdecl ImGui_ImplOpenGL3_SetupRenderState(struct ImDrawData *,int,int,unsigned int)" (?ImGui_ImplOpenGL3_SetupRenderState@@YAXPAUImDrawData@@HHI@Z)'
LINK : warning LNK4217: symbol '___glewDrawElementsBaseVertex' defined in 'glew32s.lib(glew.obj)' is imported by 'imgui_impl_opengl3.obj' in function '"void __cdecl ImGui_ImplOpenGL3_RenderDrawData(struct ImDrawData *)" (?ImGui_ImplOpenGL3_RenderDrawData@@YAXPAUImDrawData@@@Z)'
LINK : warning LNK4217: symbol '___glewBindSampler' defined in 'glew32s.lib(glew.obj)' is imported by 'imgui_impl_opengl3.obj' in function '"void __cdecl ImGui_ImplOpenGL3_RenderDrawData(struct ImDrawData *)" (?ImGui_ImplOpenGL3_RenderDrawData@@YAXPAUImDrawData@@@Z)'
LINK : warning LNK4217: symbol '___glewBindVertexArray' defined in 'glew32s.lib(glew.obj)' is imported by 'imgui_impl_opengl3.obj' in function '"bool __cdecl ImGui_ImplOpenGL3_CreateDeviceObjects(void)" (?ImGui_ImplOpenGL3_CreateDeviceObjects@@YA_NXZ)'
LINK : warning LNK4217: symbol '___glewDeleteVertexArrays' defined in 'glew32s.lib(glew.obj)' is imported by 'imgui_impl_opengl3.obj' in function '"void __cdecl ImGui_ImplOpenGL3_RenderDrawData(struct ImDrawData *)" (?ImGui_ImplOpenGL3_RenderDrawData@@YAXPAUImDrawData@@@Z)'
LINK : warning LNK4217: symbol '___glewGenVertexArrays' defined in 'glew32s.lib(glew.obj)' is imported by 'imgui_impl_opengl3.obj' in function '"void __cdecl ImGui_ImplOpenGL3_RenderDrawData(struct ImDrawData *)" (?ImGui_ImplOpenGL3_RenderDrawData@@YAXPAUImDrawData@@@Z)'
glew32s.lib(glew.obj) : warning LNK4099: PDB '' was not found with 'glew32s.lib(glew.obj)' or at ''; linking object as if no debug info
  visualstudio.vcxproj -> C:\Users\Usuario\Documents\GitHub\CGA_LABS\CGA_LAB_2\ACG-Framework-Student\framework_debug.exe
